<?xml version="1.0" encoding="UTF-8"?>
<testng-results ignored="0" total="1" passed="1" failed="0" skipped="0">
  <reporter-output>
  </reporter-output>
  <suite started-at="2019-08-29T13:03:06 IST" name="Default suite" finished-at="2019-08-29T13:03:15 IST" duration-ms="9742">
    <groups>
    </groups>
    <test started-at="2019-08-29T13:03:06 IST" name="Default test" finished-at="2019-08-29T13:03:15 IST" duration-ms="9742">
      <class name="basic_functions.Drag_Drop">
        <test-method is-config="true" signature="beforeTest()[pri:0, instance:basic_functions.Drag_Drop@66498326]" started-at="2019-08-29T13:03:06 IST" name="beforeTest" finished-at="2019-08-29T13:03:10 IST" duration-ms="4407" status="PASS">
          <reporter-output>
          </reporter-output>
        </test-method> <!-- beforeTest -->
        <test-method signature="draganddrop()[pri:0, instance:basic_functions.Drag_Drop@66498326]" started-at="2019-08-29T13:03:10 IST" name="draganddrop" finished-at="2019-08-29T13:03:15 IST" duration-ms="5077" status="PASS">
          <reporter-output>
          </reporter-output>
        </test-method> <!-- draganddrop -->
        <test-method is-config="true" signature="afterTest()[pri:0, instance:basic_functions.Drag_Drop@66498326]" started-at="2019-08-29T13:03:15 IST" name="afterTest" finished-at="2019-08-29T13:03:15 IST" duration-ms="219" status="PASS">
          <reporter-output>
          </reporter-output>
        </test-method> <!-- afterTest -->
      </class> <!-- basic_functions.Drag_Drop -->
    </test> <!-- Default test -->
  </suite> <!-- Default suite -->
</testng-results>
